<?xml version="1.0" encoding="UTF-8"?>
<testng-results skipped="0" failed="0" total="6" passed="6">
  <reporter-output>
  </reporter-output>
  <suite name="Default suite" duration-ms="13596" started-at="2019-01-08T20:09:33Z" finished-at="2019-01-08T20:09:47Z">
    <groups>
    </groups>
    <test name="Default test" duration-ms="13596" started-at="2019-01-08T20:09:33Z" finished-at="2019-01-08T20:09:47Z">
      <class name="com.ohrm.qa.testcases.LoginPageTest">
        <test-method status="PASS" signature="setUp()[pri:0, instance:com.ohrm.qa.testcases.LoginPageTest@18355a8]" name="setUp" is-config="true" duration-ms="9400" started-at="2019-01-09T01:39:24Z" finished-at="2019-01-09T01:39:33Z">
          <reporter-output>
          </reporter-output>
        </test-method> <!-- setUp -->
        <test-method status="PASS" signature="loginPageTitleTest()[pri:1, instance:com.ohrm.qa.testcases.LoginPageTest@18355a8]" name="loginPageTitleTest" duration-ms="20" started-at="2019-01-09T01:39:33Z" finished-at="2019-01-09T01:39:33Z">
          <reporter-output>
          </reporter-output>
        </test-method> <!-- loginPageTitleTest -->
        <test-method status="PASS" signature="validateLogoTest()[pri:2, instance:com.ohrm.qa.testcases.LoginPageTest@18355a8]" name="validateLogoTest" duration-ms="58" started-at="2019-01-09T01:39:33Z" finished-at="2019-01-09T01:39:33Z">
          <reporter-output>
          </reporter-output>
        </test-method> <!-- validateLogoTest -->
        <test-method status="PASS" signature="loginTest(java.lang.String, java.lang.String, java.lang.String)[pri:3, instance:com.ohrm.qa.testcases.LoginPageTest@18355a8]" name="loginTest" duration-ms="2435" started-at="2019-01-09T01:39:33Z" data-provider="getData" finished-at="2019-01-09T01:39:36Z">
          <params>
            <param index="0">
              <value>
                <![CDATA[Admin]]>
              </value>
            </param>
            <param index="1">
              <value>
                <![CDATA[]]>
              </value>
            </param>
            <param index="2">
              <value>
                <![CDATA[Password cannot be empty]]>
              </value>
            </param>
          </params>
          <reporter-output>
          </reporter-output>
        </test-method> <!-- loginTest -->
        <test-method status="PASS" signature="loginTest(java.lang.String, java.lang.String, java.lang.String)[pri:3, instance:com.ohrm.qa.testcases.LoginPageTest@18355a8]" name="loginTest" duration-ms="2310" started-at="2019-01-09T01:39:36Z" data-provider="getData" finished-at="2019-01-09T01:39:38Z">
          <params>
            <param index="0">
              <value>
                <![CDATA[]]>
              </value>
            </param>
            <param index="1">
              <value>
                <![CDATA[admin123]]>
              </value>
            </param>
            <param index="2">
              <value>
                <![CDATA[Username cannot be empty]]>
              </value>
            </param>
          </params>
          <reporter-output>
          </reporter-output>
        </test-method> <!-- loginTest -->
        <test-method status="PASS" signature="loginTest(java.lang.String, java.lang.String, java.lang.String)[pri:3, instance:com.ohrm.qa.testcases.LoginPageTest@18355a8]" name="loginTest" duration-ms="3090" started-at="2019-01-09T01:39:38Z" data-provider="getData" finished-at="2019-01-09T01:39:41Z">
          <params>
            <param index="0">
              <value>
                <![CDATA[invalidUN]]>
              </value>
            </param>
            <param index="1">
              <value>
                <![CDATA[InvalidPwd]]>
              </value>
            </param>
            <param index="2">
              <value>
                <![CDATA[Invalid credentials]]>
              </value>
            </param>
          </params>
          <reporter-output>
          </reporter-output>
        </test-method> <!-- loginTest -->
        <test-method status="PASS" signature="loginTest(java.lang.String, java.lang.String, java.lang.String)[pri:3, instance:com.ohrm.qa.testcases.LoginPageTest@18355a8]" name="loginTest" duration-ms="5641" started-at="2019-01-09T01:39:41Z" data-provider="getData" finished-at="2019-01-09T01:39:47Z">
          <params>
            <param index="0">
              <value>
                <![CDATA[Admin]]>
              </value>
            </param>
            <param index="1">
              <value>
                <![CDATA[admin123]]>
              </value>
            </param>
            <param index="2">
              <value>
                <![CDATA[OrangeHRM]]>
              </value>
            </param>
          </params>
          <reporter-output>
          </reporter-output>
        </test-method> <!-- loginTest -->
        <test-method status="PASS" signature="tearDown()[pri:0, instance:com.ohrm.qa.testcases.LoginPageTest@18355a8]" name="tearDown" is-config="true" duration-ms="1511" started-at="2019-01-09T01:39:47Z" finished-at="2019-01-09T01:39:48Z">
          <reporter-output>
          </reporter-output>
        </test-method> <!-- tearDown -->
      </class> <!-- com.ohrm.qa.testcases.LoginPageTest -->
    </test> <!-- Default test -->
  </suite> <!-- Default suite -->
</testng-results>
