<?xml version="1.0" encoding="UTF-8"?>
<testng-results skipped="0" failed="0" total="2" passed="2">
  <reporter-output>
  </reporter-output>
  <suite name="Default suite" duration-ms="7330" started-at="2018-12-22T14:39:40Z" finished-at="2018-12-22T14:39:48Z">
    <groups>
    </groups>
    <test name="Default test" duration-ms="7330" started-at="2018-12-22T14:39:40Z" finished-at="2018-12-22T14:39:48Z">
      <class name="com.ohrm.qa.testcases.LoginPageTest">
        <test-method status="PASS" signature="setUp()[pri:0, instance:com.ohrm.qa.testcases.LoginPageTest@acaea5]" name="setUp" is-config="true" duration-ms="11558" started-at="2018-12-22T20:09:29Z" finished-at="2018-12-22T20:09:40Z">
          <reporter-output>
          </reporter-output>
        </test-method> <!-- setUp -->
        <test-method status="PASS" signature="loginPageTitleTest()[pri:1, instance:com.ohrm.qa.testcases.LoginPageTest@acaea5]" name="loginPageTitleTest" duration-ms="21" started-at="2018-12-22T20:09:40Z" finished-at="2018-12-22T20:09:40Z">
          <reporter-output>
          </reporter-output>
        </test-method> <!-- loginPageTitleTest -->
        <test-method status="PASS" signature="loginTest()[pri:3, instance:com.ohrm.qa.testcases.LoginPageTest@acaea5]" name="loginTest" duration-ms="7274" started-at="2018-12-22T20:09:40Z" finished-at="2018-12-22T20:09:48Z">
          <reporter-output>
          </reporter-output>
        </test-method> <!-- loginTest -->
        <test-method status="PASS" signature="tearDown()[pri:0, instance:com.ohrm.qa.testcases.LoginPageTest@acaea5]" name="tearDown" is-config="true" duration-ms="1550" started-at="2018-12-22T20:09:48Z" finished-at="2018-12-22T20:09:49Z">
          <reporter-output>
          </reporter-output>
        </test-method> <!-- tearDown -->
      </class> <!-- com.ohrm.qa.testcases.LoginPageTest -->
    </test> <!-- Default test -->
  </suite> <!-- Default suite -->
</testng-results>
