<?xml version="1.0" encoding="UTF-8"?>
<!-- Generated by org.testng.reporters.JUnitXMLReporter -->
<testsuite hostname="shree-PC" name="Default test" tests="6" failures="0" timestamp="8 Jan 2019 20:09:47 GMT" time="13.596" errors="0">
  <testcase name="loginPageTitleTest" time="0.02" classname="com.ohrm.qa.testcases.LoginPageTest"/>
  <testcase name="validateLogoTest" time="0.058" classname="com.ohrm.qa.testcases.LoginPageTest"/>
  <testcase name="loginTest" time="2.435" classname="com.ohrm.qa.testcases.LoginPageTest"/>
  <testcase name="loginTest" time="2.31" classname="com.ohrm.qa.testcases.LoginPageTest"/>
  <testcase name="loginTest" time="3.09" classname="com.ohrm.qa.testcases.LoginPageTest"/>
  <testcase name="loginTest" time="5.641" classname="com.ohrm.qa.testcases.LoginPageTest"/>
</testsuite> <!-- Default test -->
