<?xml version="1.0" encoding="UTF-8"?>
<!-- Generated by org.testng.reporters.JUnitXMLReporter -->
<testsuite hostname="shree-PC" name="Test" tests="3" failures="0" timestamp="24 Nov 2018 05:35:18 GMT" time="23.344" errors="0">
  <testcase name="testMethod" time="3.296" classname="ParameterByDataProvider.ParameterbyDataprovider"/>
  <testcase name="testMethod" time="3.164" classname="ParameterByDataProvider.ParameterbyDataprovider"/>
  <testcase name="testMethod" time="3.167" classname="ParameterByDataProvider.ParameterbyDataprovider"/>
</testsuite> <!-- Test -->
